0 verbose cli [ '/usr/bin/node', '/usr/bin/npm', 'install', '-g', 'npm@8.1.3' ]
1 info using npm@8.1.0
2 info using node@v16.13.0
3 timing npm:load:whichnode Completed in 0ms
4 timing config:load:defaults Completed in 0ms
5 timing config:load:file:/usr/lib/node_modules/npm/npmrc Completed in 1ms
6 timing config:load:builtin Completed in 1ms
7 timing config:load:cli Completed in 1ms
8 timing config:load:env Completed in 0ms
9 timing config:load:project Completed in 1ms
10 timing config:load:file:/home/acs/.npmrc Completed in 0ms
11 timing config:load:user Completed in 0ms
12 timing config:load:file:/usr/etc/npmrc Completed in 0ms
13 timing config:load:global Completed in 0ms
14 timing config:load:validate Completed in 0ms
15 timing config:load:credentials Completed in 1ms
16 timing config:load:setEnvs Completed in 1ms
17 timing config:load Completed in 5ms
18 timing npm:load:configload Completed in 6ms
19 timing npm:load:setTitle Completed in 0ms
20 timing npm:load:setupLog Completed in 0ms
21 timing config:load:flatten Completed in 1ms
22 timing npm:load:cleanupLog Completed in 1ms
23 timing npm:load:configScope Completed in 0ms
24 timing npm:load:projectScope Completed in 0ms
25 timing npm:load Completed in 9ms
26 timing arborist:ctor Completed in 0ms
27 timing idealTree:init Completed in 2ms
28 timing idealTree:userRequests Completed in 1ms
29 silly idealTree buildDeps
30 silly fetch manifest npm@8.1.3
31 http fetch GET 200 https://registry.npmjs.org/npm 8ms (cache hit)
32 silly placeDep ROOT npm@8.1.3 OK for:  want: 8.1.3
33 timing idealTree:#root Completed in 25ms
34 timing idealTree:node_modules/npm Completed in 0ms
35 timing idealTree:buildDeps Completed in 26ms
36 timing idealTree:fixDepFlags Completed in 0ms
37 timing idealTree Completed in 30ms
38 timing reify:loadTrees Completed in 142ms
39 timing reify:diffTrees Completed in 2ms
40 silly reify mark retired [ '/usr/lib/node_modules/npm', '/usr/bin/npm', '/usr/bin/npx' ]
41 silly reify moves {
41 silly reify   '/usr/lib/node_modules/npm': '/usr/lib/node_modules/.npm-qUIFSsiV',
41 silly reify   '/usr/bin/npm': '/usr/bin/.npm-CxSgn0z2',
41 silly reify   '/usr/bin/npx': '/usr/bin/.npx-akSQqeWh'
41 silly reify }
42 timing reify:rollback:retireShallow Completed in 1ms
43 timing command:install Completed in 334ms
44 notice New [32mpatch[39m version of npm available! [31m8.1.0[39m -> [32m8.1.3[39m
44 notice Changelog: [36mhttps://github.com/npm/cli/releases/tag/v8.1.3[39m
44 notice Run [32mnpm install -g npm@8.1.3[39m to update!
45 verbose stack Error: EACCES: permission denied, rename '/usr/lib/node_modules/npm' -> '/usr/lib/node_modules/.npm-qUIFSsiV'
46 verbose cwd /home/acs
47 verbose Linux 5.4.0-90-generic
48 verbose argv "/usr/bin/node" "/usr/bin/npm" "install" "-g" "npm@8.1.3"
49 verbose node v16.13.0
50 verbose npm  v8.1.0
51 error code EACCES
52 error syscall rename
53 error path /usr/lib/node_modules/npm
54 error dest /usr/lib/node_modules/.npm-qUIFSsiV
55 error errno -13
56 error Error: EACCES: permission denied, rename '/usr/lib/node_modules/npm' -> '/usr/lib/node_modules/.npm-qUIFSsiV'
56 error  [Error: EACCES: permission denied, rename '/usr/lib/node_modules/npm' -> '/usr/lib/node_modules/.npm-qUIFSsiV'] {
56 error   errno: -13,
56 error   code: 'EACCES',
56 error   syscall: 'rename',
56 error   path: '/usr/lib/node_modules/npm',
56 error   dest: '/usr/lib/node_modules/.npm-qUIFSsiV'
56 error }
57 error The operation was rejected by your operating system.
57 error It is likely you do not have the permissions to access this file as the current user
57 error
57 error If you believe this might be a permissions issue, please double-check the
57 error permissions of the file and its containing directories, or try running
57 error the command again as root/Administrator.
58 verbose exit -13
